<?xml version="1.0" encoding="UTF-8"?>
<!-- Generated by org.testng.reporters.JUnitReportReporter -->
<testsuite hostname="Subash-Pc" failures="0" tests="1" name="Com.TestCases.LoginFailTest" time="41.641" errors="0" timestamp="2022-07-17T18:14:00 IST" skipped="0">
  <testcase classname="Com.TestCases.LoginFailTest" name="loginFailTest" time="41.641"/>
  <system-out/>
</testsuite> <!-- Com.TestCases.LoginFailTest -->
