<?xml version="1.0" encoding="UTF-8"?>
<!-- Generated by org.testng.reporters.JUnitReportReporter -->
<testsuite hostname="Subash-Pc" failures="0" tests="1" name="Com.TestCases.UpdateProTest" time="106.069" errors="0" timestamp="2022-07-17T18:08:24 IST" skipped="0">
  <testcase classname="Com.TestCases.UpdateProTest" name="upddateProTest" time="106.069"/>
  <system-out/>
</testsuite> <!-- Com.TestCases.UpdateProTest -->
