<?xml version="1.0" encoding="UTF-8"?>
<!-- Generated by org.testng.reporters.JUnitReportReporter -->
<testsuite hostname="Subash-Pc" failures="0" tests="1" name="Com.TestCases.AddAdminUser" time="66.121" errors="0" timestamp="2022-07-17T18:14:00 IST" skipped="0">
  <testcase classname="Com.TestCases.AddAdminUser" name="addAdminUser" time="66.121"/>
  <system-out/>
</testsuite> <!-- Com.TestCases.AddAdminUser -->
