<?xml version="1.0" encoding="UTF-8"?>
<!-- Generated by org.testng.reporters.JUnitReportReporter -->
<testsuite hostname="Subash-Pc" failures="0" tests="1" name="Com.TestCases.CheckBoardsTest" time="122.323" errors="0" timestamp="2022-07-17T18:14:00 IST" skipped="0">
  <testcase classname="Com.TestCases.CheckBoardsTest" name="checkBoradTest" time="122.323"/>
  <system-out/>
</testsuite> <!-- Com.TestCases.CheckBoardsTest -->
