<?xml version="1.0" encoding="UTF-8"?>
<!-- Generated by org.testng.reporters.JUnitReportReporter -->
<testsuite hostname="Subash-Pc" failures="0" tests="1" name="Com.TestCases.ChkBoardsTest" time="173.809" errors="0" timestamp="2022-07-17T18:08:24 IST" skipped="0">
  <testcase classname="Com.TestCases.ChkBoardsTest" name="chkBoradTest" time="173.809"/>
  <system-out/>
</testsuite> <!-- Com.TestCases.ChkBoardsTest -->
